C:\Users\henri\Desktop\Dev\Cadastro\node_modules\mongoose\lib\query.js:4719
  const castError = new CastError();
                    ^

CastError: Cast to Number failed for value "NaN" (type number) at path "codigo" for model "usuario"
    at model.Query.exec (C:\Users\henri\Desktop\Dev\Cadastro\node_modules\mongoose\lib\query.js:4719:21)
    at crud (C:\Users\henri\Desktop\Dev\Cadastro\src\modules\crud.js:56:91)
    at C:\Users\henri\Desktop\Dev\Cadastro\routes\admin.js:65:19
    at Layer.handle [as handle_request] (C:\Users\henri\Desktop\Dev\Cadastro\node_modules\express\lib\router\layer.js:95:5)
    at next (C:\Users\henri\Desktop\Dev\Cadastro\node_modules\express\lib\router\route.js:144:13)
    at Route.dispatch (C:\Users\henri\Desktop\Dev\Cadastro\node_modules\express\lib\router\route.js:114:3)
    at Layer.handle [as handle_request] (C:\Users\henri\Desktop\Dev\Cadastro\node_modules\express\lib\router\layer.js:95:5)
    at C:\Users\henri\Desktop\Dev\Cadastro\node_modules\express\lib\router\index.js:284:15
    at Function.process_params (C:\Users\henri\Desktop\Dev\Cadastro\node_modules\express\lib\router\index.js:346:12)
    at next (C:\Users\henri\Desktop\Dev\Cadastro\node_modules\express\lib\router\index.js:280:10) {
  messageFormat: undefined,
  stringValue: '"NaN"',
  kind: 'Number',
  value: NaN,
  path: 'codigo',
  reason: AssertionError [ERR_ASSERTION]: The expression evaluated to a falsy value:
  
    assert.ok(!isNaN(val))
  
      at castNumber (C:\Users\henri\Desktop\Dev\Cadastro\node_modules\mongoose\lib\cast\number.js:27:10)
      at SchemaNumber.cast (C:\Users\henri\Desktop\Dev\Cadastro\node_modules\mongoose\lib\schema\number.js:376:12)
      at SchemaNumber.handleSingle (C:\Users\henri\Desktop\Dev\Cadastro\node_modules\mongoose\lib\schema\number.js:387:15)
      at SchemaNumber.castForQuery (C:\Users\henri\Desktop\Dev\Cadastro\node_modules\mongoose\lib\schema\number.js:428:20)
      at SchemaNumber.SchemaType.castForQueryWrapper (C:\Users\henri\Desktop\Dev\Cadastro\node_modules\mongoose\lib\schematype.js:1580:22)
      at cast (C:\Users\henri\Desktop\Dev\Cadastro\node_modules\mongoose\lib\cast.js:323:39)
      at model.Query.Query.cast (C:\Users\henri\Desktop\Dev\Cadastro\node_modules\mongoose\lib\query.js:5141:12)
      at model.Query.Query._castConditions (C:\Users\henri\Desktop\Dev\Cadastro\node_modules\mongoose\lib\query.js:2169:10)
      at model.Query.<anonymous> (C:\Users\henri\Desktop\Dev\Cadastro\node_modules\mongoose\lib\query.js:2197:8)
      at model.Query._wrappedThunk [as _find] (C:\Users\henri\Desktop\Dev\Cadastro\node_modules\mongoose\lib\helpers\query\wrapThunk.js:27:8) {
    generatedMessage: true,
    code: 'ERR_ASSERTION',
    actual: false,
    expected: true,
    operator: '=='
  },
  valueType: 'number'
}
C:\Users\henri\Desktop\Dev\Cadastro\node_modules\mongoose\lib\query.js:4719
  const castError = new CastError();
                    ^

CastError: Cast to Number failed for value "NaN" (type number) at path "codigo" for model "usuario"
    at model.Query.exec (C:\Users\henri\Desktop\Dev\Cadastro\node_modules\mongoose\lib\query.js:4719:21)
    at crud (C:\Users\henri\Desktop\Dev\Cadastro\src\modules\crud.js:56:91)
    at C:\Users\henri\Desktop\Dev\Cadastro\routes\admin.js:65:19
    at Layer.handle [as handle_request] (C:\Users\henri\Desktop\Dev\Cadastro\node_modules\express\lib\router\layer.js:95:5)
    at next (C:\Users\henri\Desktop\Dev\Cadastro\node_modules\express\lib\router\route.js:144:13)
    at Route.dispatch (C:\Users\henri\Desktop\Dev\Cadastro\node_modules\express\lib\router\route.js:114:3)
    at Layer.handle [as handle_request] (C:\Users\henri\Desktop\Dev\Cadastro\node_modules\express\lib\router\layer.js:95:5)
    at C:\Users\henri\Desktop\Dev\Cadastro\node_modules\express\lib\router\index.js:284:15
    at Function.process_params (C:\Users\henri\Desktop\Dev\Cadastro\node_modules\express\lib\router\index.js:346:12)
    at next (C:\Users\henri\Desktop\Dev\Cadastro\node_modules\express\lib\router\index.js:280:10) {
  messageFormat: undefined,
  stringValue: '"NaN"',
  kind: 'Number',
  value: NaN,
  path: 'codigo',
  reason: AssertionError [ERR_ASSERTION]: The expression evaluated to a falsy value:
  
    assert.ok(!isNaN(val))
  
      at castNumber (C:\Users\henri\Desktop\Dev\Cadastro\node_modules\mongoose\lib\cast\number.js:27:10)
      at SchemaNumber.cast (C:\Users\henri\Desktop\Dev\Cadastro\node_modules\mongoose\lib\schema\number.js:376:12)
      at SchemaNumber.handleSingle (C:\Users\henri\Desktop\Dev\Cadastro\node_modules\mongoose\lib\schema\number.js:387:15)
      at SchemaNumber.castForQuery (C:\Users\henri\Desktop\Dev\Cadastro\node_modules\mongoose\lib\schema\number.js:428:20)
      at SchemaNumber.SchemaType.castForQueryWrapper (C:\Users\henri\Desktop\Dev\Cadastro\node_modules\mongoose\lib\schematype.js:1580:22)
      at cast (C:\Users\henri\Desktop\Dev\Cadastro\node_modules\mongoose\lib\cast.js:323:39)
      at model.Query.Query.cast (C:\Users\henri\Desktop\Dev\Cadastro\node_modules\mongoose\lib\query.js:5141:12)
      at model.Query.Query._castConditions (C:\Users\henri\Desktop\Dev\Cadastro\node_modules\mongoose\lib\query.js:2169:10)
      at model.Query.<anonymous> (C:\Users\henri\Desktop\Dev\Cadastro\node_modules\mongoose\lib\query.js:2197:8)
      at model.Query._wrappedThunk [as _find] (C:\Users\henri\Desktop\Dev\Cadastro\node_modules\mongoose\lib\helpers\query\wrapThunk.js:27:8) {
    generatedMessage: true,
    code: 'ERR_ASSERTION',
    actual: false,
    expected: true,
    operator: '=='
  },
  valueType: 'number'
}
C:\Users\henri\Desktop\Dev\Cadastro\node_modules\mongoose\lib\query.js:4719
  const castError = new CastError();
                    ^

CastError: Cast to Number failed for value "NaN" (type number) at path "codigo" for model "usuario"
    at model.Query.exec (C:\Users\henri\Desktop\Dev\Cadastro\node_modules\mongoose\lib\query.js:4719:21)
    at crud (C:\Users\henri\Desktop\Dev\Cadastro\src\modules\crud.js:56:91)
    at C:\Users\henri\Desktop\Dev\Cadastro\routes\admin.js:65:19
    at Layer.handle [as handle_request] (C:\Users\henri\Desktop\Dev\Cadastro\node_modules\express\lib\router\layer.js:95:5)
    at next (C:\Users\henri\Desktop\Dev\Cadastro\node_modules\express\lib\router\route.js:144:13)
    at Route.dispatch (C:\Users\henri\Desktop\Dev\Cadastro\node_modules\express\lib\router\route.js:114:3)
    at Layer.handle [as handle_request] (C:\Users\henri\Desktop\Dev\Cadastro\node_modules\express\lib\router\layer.js:95:5)
    at C:\Users\henri\Desktop\Dev\Cadastro\node_modules\express\lib\router\index.js:284:15
    at Function.process_params (C:\Users\henri\Desktop\Dev\Cadastro\node_modules\express\lib\router\index.js:346:12)
    at next (C:\Users\henri\Desktop\Dev\Cadastro\node_modules\express\lib\router\index.js:280:10) {
  messageFormat: undefined,
  stringValue: '"NaN"',
  kind: 'Number',
  value: NaN,
  path: 'codigo',
  reason: AssertionError [ERR_ASSERTION]: The expression evaluated to a falsy value:
  
    assert.ok(!isNaN(val))
  
      at castNumber (C:\Users\henri\Desktop\Dev\Cadastro\node_modules\mongoose\lib\cast\number.js:27:10)
      at SchemaNumber.cast (C:\Users\henri\Desktop\Dev\Cadastro\node_modules\mongoose\lib\schema\number.js:376:12)
      at SchemaNumber.handleSingle (C:\Users\henri\Desktop\Dev\Cadastro\node_modules\mongoose\lib\schema\number.js:387:15)
      at SchemaNumber.castForQuery (C:\Users\henri\Desktop\Dev\Cadastro\node_modules\mongoose\lib\schema\number.js:428:20)
      at SchemaNumber.SchemaType.castForQueryWrapper (C:\Users\henri\Desktop\Dev\Cadastro\node_modules\mongoose\lib\schematype.js:1580:22)
      at cast (C:\Users\henri\Desktop\Dev\Cadastro\node_modules\mongoose\lib\cast.js:323:39)
      at model.Query.Query.cast (C:\Users\henri\Desktop\Dev\Cadastro\node_modules\mongoose\lib\query.js:5141:12)
      at model.Query.Query._castConditions (C:\Users\henri\Desktop\Dev\Cadastro\node_modules\mongoose\lib\query.js:2169:10)
      at model.Query.<anonymous> (C:\Users\henri\Desktop\Dev\Cadastro\node_modules\mongoose\lib\query.js:2197:8)
      at model.Query._wrappedThunk [as _find] (C:\Users\henri\Desktop\Dev\Cadastro\node_modules\mongoose\lib\helpers\query\wrapThunk.js:27:8) {
    generatedMessage: true,
    code: 'ERR_ASSERTION',
    actual: false,
    expected: true,
    operator: '=='
  },
  valueType: 'number'
}
C:\Users\henri\Desktop\Dev\Cadastro\node_modules\mongoose\lib\query.js:4719
  const castError = new CastError();
                    ^

CastError: Cast to Number failed for value "NaN" (type number) at path "codigo" for model "usuario"
    at model.Query.exec (C:\Users\henri\Desktop\Dev\Cadastro\node_modules\mongoose\lib\query.js:4719:21)
    at crud (C:\Users\henri\Desktop\Dev\Cadastro\src\modules\crud.js:56:91)
    at C:\Users\henri\Desktop\Dev\Cadastro\routes\admin.js:65:19
    at Layer.handle [as handle_request] (C:\Users\henri\Desktop\Dev\Cadastro\node_modules\express\lib\router\layer.js:95:5)
    at next (C:\Users\henri\Desktop\Dev\Cadastro\node_modules\express\lib\router\route.js:144:13)
    at Route.dispatch (C:\Users\henri\Desktop\Dev\Cadastro\node_modules\express\lib\router\route.js:114:3)
    at Layer.handle [as handle_request] (C:\Users\henri\Desktop\Dev\Cadastro\node_modules\express\lib\router\layer.js:95:5)
    at C:\Users\henri\Desktop\Dev\Cadastro\node_modules\express\lib\router\index.js:284:15
    at Function.process_params (C:\Users\henri\Desktop\Dev\Cadastro\node_modules\express\lib\router\index.js:346:12)
    at next (C:\Users\henri\Desktop\Dev\Cadastro\node_modules\express\lib\router\index.js:280:10) {
  messageFormat: undefined,
  stringValue: '"NaN"',
  kind: 'Number',
  value: NaN,
  path: 'codigo',
  reason: AssertionError [ERR_ASSERTION]: The expression evaluated to a falsy value:
  
    assert.ok(!isNaN(val))
  
      at castNumber (C:\Users\henri\Desktop\Dev\Cadastro\node_modules\mongoose\lib\cast\number.js:27:10)
      at SchemaNumber.cast (C:\Users\henri\Desktop\Dev\Cadastro\node_modules\mongoose\lib\schema\number.js:376:12)
      at SchemaNumber.handleSingle (C:\Users\henri\Desktop\Dev\Cadastro\node_modules\mongoose\lib\schema\number.js:387:15)
      at SchemaNumber.castForQuery (C:\Users\henri\Desktop\Dev\Cadastro\node_modules\mongoose\lib\schema\number.js:428:20)
      at SchemaNumber.SchemaType.castForQueryWrapper (C:\Users\henri\Desktop\Dev\Cadastro\node_modules\mongoose\lib\schematype.js:1580:22)
      at cast (C:\Users\henri\Desktop\Dev\Cadastro\node_modules\mongoose\lib\cast.js:323:39)
      at model.Query.Query.cast (C:\Users\henri\Desktop\Dev\Cadastro\node_modules\mongoose\lib\query.js:5141:12)
      at model.Query.Query._castConditions (C:\Users\henri\Desktop\Dev\Cadastro\node_modules\mongoose\lib\query.js:2169:10)
      at model.Query.<anonymous> (C:\Users\henri\Desktop\Dev\Cadastro\node_modules\mongoose\lib\query.js:2197:8)
      at model.Query._wrappedThunk [as _find] (C:\Users\henri\Desktop\Dev\Cadastro\node_modules\mongoose\lib\helpers\query\wrapThunk.js:27:8) {
    generatedMessage: true,
    code: 'ERR_ASSERTION',
    actual: false,
    expected: true,
    operator: '=='
  },
  valueType: 'number'
}
C:\Users\henri\Desktop\Dev\Cadastro\node_modules\mongoose\lib\query.js:4719
  const castError = new CastError();
                    ^

CastError: Cast to Number failed for value "NaN" (type number) at path "codigo" for model "usuario"
    at model.Query.exec (C:\Users\henri\Desktop\Dev\Cadastro\node_modules\mongoose\lib\query.js:4719:21)
    at crud (C:\Users\henri\Desktop\Dev\Cadastro\src\modules\crud.js:61:101)
    at C:\Users\henri\Desktop\Dev\Cadastro\routes\admin.js:71:19
    at Layer.handle [as handle_request] (C:\Users\henri\Desktop\Dev\Cadastro\node_modules\express\lib\router\layer.js:95:5)
    at next (C:\Users\henri\Desktop\Dev\Cadastro\node_modules\express\lib\router\route.js:144:13)
    at Route.dispatch (C:\Users\henri\Desktop\Dev\Cadastro\node_modules\express\lib\router\route.js:114:3)
    at Layer.handle [as handle_request] (C:\Users\henri\Desktop\Dev\Cadastro\node_modules\express\lib\router\layer.js:95:5)
    at C:\Users\henri\Desktop\Dev\Cadastro\node_modules\express\lib\router\index.js:284:15
    at Function.process_params (C:\Users\henri\Desktop\Dev\Cadastro\node_modules\express\lib\router\index.js:346:12)
    at next (C:\Users\henri\Desktop\Dev\Cadastro\node_modules\express\lib\router\index.js:280:10) {
  messageFormat: undefined,
  stringValue: '"NaN"',
  kind: 'Number',
  value: NaN,
  path: 'codigo',
  reason: AssertionError [ERR_ASSERTION]: The expression evaluated to a falsy value:
  
    assert.ok(!isNaN(val))
  
      at castNumber (C:\Users\henri\Desktop\Dev\Cadastro\node_modules\mongoose\lib\cast\number.js:27:10)
      at SchemaNumber.cast (C:\Users\henri\Desktop\Dev\Cadastro\node_modules\mongoose\lib\schema\number.js:376:12)
      at SchemaNumber.handleSingle (C:\Users\henri\Desktop\Dev\Cadastro\node_modules\mongoose\lib\schema\number.js:387:15)
      at SchemaNumber.castForQuery (C:\Users\henri\Desktop\Dev\Cadastro\node_modules\mongoose\lib\schema\number.js:428:20)
      at SchemaNumber.SchemaType.castForQueryWrapper (C:\Users\henri\Desktop\Dev\Cadastro\node_modules\mongoose\lib\schematype.js:1580:22)
      at cast (C:\Users\henri\Desktop\Dev\Cadastro\node_modules\mongoose\lib\cast.js:323:39)
      at model.Query.Query.cast (C:\Users\henri\Desktop\Dev\Cadastro\node_modules\mongoose\lib\query.js:5141:12)
      at model.Query.Query._castConditions (C:\Users\henri\Desktop\Dev\Cadastro\node_modules\mongoose\lib\query.js:2169:10)
      at model.Query.<anonymous> (C:\Users\henri\Desktop\Dev\Cadastro\node_modules\mongoose\lib\query.js:2197:8)
      at model.Query._wrappedThunk [as _find] (C:\Users\henri\Desktop\Dev\Cadastro\node_modules\mongoose\lib\helpers\query\wrapThunk.js:27:8) {
    generatedMessage: true,
    code: 'ERR_ASSERTION',
    actual: false,
    expected: true,
    operator: '=='
  },
  valueType: 'number'
}
C:\Users\henri\Desktop\Dev\Cadastro\node_modules\mongoose\lib\query.js:4719
  const castError = new CastError();
                    ^

CastError: Cast to Number failed for value "NaN" (type number) at path "codigo" for model "usuario"
    at model.Query.exec (C:\Users\henri\Desktop\Dev\Cadastro\node_modules\mongoose\lib\query.js:4719:21)
    at crud (C:\Users\henri\Desktop\Dev\Cadastro\src\modules\crud.js:61:101)
    at C:\Users\henri\Desktop\Dev\Cadastro\routes\admin.js:71:19
    at Layer.handle [as handle_request] (C:\Users\henri\Desktop\Dev\Cadastro\node_modules\express\lib\router\layer.js:95:5)
    at next (C:\Users\henri\Desktop\Dev\Cadastro\node_modules\express\lib\router\route.js:144:13)
    at Route.dispatch (C:\Users\henri\Desktop\Dev\Cadastro\node_modules\express\lib\router\route.js:114:3)
    at Layer.handle [as handle_request] (C:\Users\henri\Desktop\Dev\Cadastro\node_modules\express\lib\router\layer.js:95:5)
    at C:\Users\henri\Desktop\Dev\Cadastro\node_modules\express\lib\router\index.js:284:15
    at Function.process_params (C:\Users\henri\Desktop\Dev\Cadastro\node_modules\express\lib\router\index.js:346:12)
    at next (C:\Users\henri\Desktop\Dev\Cadastro\node_modules\express\lib\router\index.js:280:10) {
  messageFormat: undefined,
  stringValue: '"NaN"',
  kind: 'Number',
  value: NaN,
  path: 'codigo',
  reason: AssertionError [ERR_ASSERTION]: The expression evaluated to a falsy value:
  
    assert.ok(!isNaN(val))
  
      at castNumber (C:\Users\henri\Desktop\Dev\Cadastro\node_modules\mongoose\lib\cast\number.js:27:10)
      at SchemaNumber.cast (C:\Users\henri\Desktop\Dev\Cadastro\node_modules\mongoose\lib\schema\number.js:376:12)
      at SchemaNumber.handleSingle (C:\Users\henri\Desktop\Dev\Cadastro\node_modules\mongoose\lib\schema\number.js:387:15)
      at SchemaNumber.castForQuery (C:\Users\henri\Desktop\Dev\Cadastro\node_modules\mongoose\lib\schema\number.js:428:20)
      at SchemaNumber.SchemaType.castForQueryWrapper (C:\Users\henri\Desktop\Dev\Cadastro\node_modules\mongoose\lib\schematype.js:1580:22)
      at cast (C:\Users\henri\Desktop\Dev\Cadastro\node_modules\mongoose\lib\cast.js:323:39)
      at model.Query.Query.cast (C:\Users\henri\Desktop\Dev\Cadastro\node_modules\mongoose\lib\query.js:5141:12)
      at model.Query.Query._castConditions (C:\Users\henri\Desktop\Dev\Cadastro\node_modules\mongoose\lib\query.js:2169:10)
      at model.Query.<anonymous> (C:\Users\henri\Desktop\Dev\Cadastro\node_modules\mongoose\lib\query.js:2197:8)
      at model.Query._wrappedThunk [as _find] (C:\Users\henri\Desktop\Dev\Cadastro\node_modules\mongoose\lib\helpers\query\wrapThunk.js:27:8) {
    generatedMessage: true,
    code: 'ERR_ASSERTION',
    actual: false,
    expected: true,
    operator: '=='
  },
  valueType: 'number'
}
